<?xml version="1.0" encoding="utf-8"?><testsuites><testsuite name="pytest" errors="0" failures="0" skipped="0" tests="4" time="0.893" timestamp="2021-10-09T21:01:56.224435" hostname="Claytons-MacBook-Pro.local"><testcase classname="tests.test_badge_cache" name="test_test" time="0.001" /><testcase classname="tests.test_stackoverflow_service" name="test_stackoverflow_service_active" time="0.511" /><testcase classname="tests.test_stackoverflow_service" name="test_validate_input" time="0.003" /><testcase classname="tests.test_validation_error" name="test_ValidationError" time="0.001" /></testsuite></testsuites>